0 info it worked if it ends with ok
1 verbose cli [ '/usr/local/bin/node',
1 verbose cli   '/usr/local/bin/npm',
1 verbose cli   'install',
1 verbose cli   'tinylr',
1 verbose cli   'express',
1 verbose cli   '--save-dev' ]
2 info using npm@1.4.28
3 info using node@v0.10.33
4 verbose cache add [ 'tinylr', null ]
5 verbose cache add name=undefined spec="tinylr" args=["tinylr",null]
6 verbose parsed url { protocol: null,
6 verbose parsed url   slashes: null,
6 verbose parsed url   auth: null,
6 verbose parsed url   host: null,
6 verbose parsed url   port: null,
6 verbose parsed url   hostname: null,
6 verbose parsed url   hash: null,
6 verbose parsed url   search: null,
6 verbose parsed url   query: null,
6 verbose parsed url   pathname: 'tinylr',
6 verbose parsed url   path: 'tinylr',
6 verbose parsed url   href: 'tinylr' }
7 verbose cache add [ 'express', null ]
8 verbose cache add name=undefined spec="express" args=["express",null]
9 verbose parsed url { protocol: null,
9 verbose parsed url   slashes: null,
9 verbose parsed url   auth: null,
9 verbose parsed url   host: null,
9 verbose parsed url   port: null,
9 verbose parsed url   hostname: null,
9 verbose parsed url   hash: null,
9 verbose parsed url   search: null,
9 verbose parsed url   query: null,
9 verbose parsed url   pathname: 'express',
9 verbose parsed url   path: 'express',
9 verbose parsed url   href: 'express' }
10 silly lockFile 756910e1-tinylr tinylr
11 verbose lock tinylr /Users/masterblaster/.npm/756910e1-tinylr.lock
12 silly lockFile f3c62de4-express express
13 verbose lock express /Users/masterblaster/.npm/f3c62de4-express.lock
14 silly lockFile 756910e1-tinylr tinylr
15 silly lockFile 756910e1-tinylr tinylr
16 silly lockFile f3c62de4-express express
17 silly lockFile f3c62de4-express express
18 verbose addNamed [ 'tinylr', '' ]
19 verbose addNamed [ null, '*' ]
20 silly lockFile f31946d9-tinylr tinylr@
21 verbose lock tinylr@ /Users/masterblaster/.npm/f31946d9-tinylr.lock
22 verbose addNamed [ 'express', '' ]
23 verbose addNamed [ null, '*' ]
24 silly lockFile 64a534c1-express express@
25 verbose lock express@ /Users/masterblaster/.npm/64a534c1-express.lock
26 silly addNameRange { name: 'tinylr', range: '*', hasData: false }
27 verbose request where is /tinylr
28 verbose request registry https://registry.npmjs.org/
29 verbose request id e0d44457f05e5575
30 verbose url raw /tinylr
31 verbose url resolving [ 'https://registry.npmjs.org/', './tinylr' ]
32 verbose url resolved https://registry.npmjs.org/tinylr
33 verbose request where is https://registry.npmjs.org/tinylr
34 info trying registry request attempt 1 at 15:47:29
35 http GET https://registry.npmjs.org/tinylr
36 silly addNameRange { name: 'express', range: '*', hasData: false }
37 verbose request where is /express
38 verbose request registry https://registry.npmjs.org/
39 verbose url raw /express
40 verbose url resolving [ 'https://registry.npmjs.org/', './express' ]
41 verbose url resolved https://registry.npmjs.org/express
42 verbose request where is https://registry.npmjs.org/express
43 info trying registry request attempt 1 at 15:47:29
44 verbose etag "DYPEG1YNOEKCDHPNEZX8VEWYM"
45 http GET https://registry.npmjs.org/express
46 http 404 https://registry.npmjs.org/tinylr
47 verbose headers { date: 'Fri, 20 Mar 2015 14:47:03 GMT',
47 verbose headers   server: 'CouchDB/1.5.0 (Erlang OTP/R16B03)',
47 verbose headers   'content-type': 'application/json',
47 verbose headers   'cache-control': 'max-age=0',
47 verbose headers   'content-length': '51',
47 verbose headers   'accept-ranges': 'bytes',
47 verbose headers   via: '1.1 varnish',
47 verbose headers   age: '0',
47 verbose headers   'x-served-by': 'cache-fra1230-FRA',
47 verbose headers   'x-cache': 'MISS',
47 verbose headers   'x-cache-hits': '0',
47 verbose headers   'x-timer': 'S1426862823.556183,VS0,VE110',
47 verbose headers   'keep-alive': 'timeout=10, max=50',
47 verbose headers   connection: 'Keep-Alive' }
48 silly registry.get cb [ 404,
48 silly registry.get   { date: 'Fri, 20 Mar 2015 14:47:03 GMT',
48 silly registry.get     server: 'CouchDB/1.5.0 (Erlang OTP/R16B03)',
48 silly registry.get     'content-type': 'application/json',
48 silly registry.get     'cache-control': 'max-age=0',
48 silly registry.get     'content-length': '51',
48 silly registry.get     'accept-ranges': 'bytes',
48 silly registry.get     via: '1.1 varnish',
48 silly registry.get     age: '0',
48 silly registry.get     'x-served-by': 'cache-fra1230-FRA',
48 silly registry.get     'x-cache': 'MISS',
48 silly registry.get     'x-cache-hits': '0',
48 silly registry.get     'x-timer': 'S1426862823.556183,VS0,VE110',
48 silly registry.get     'keep-alive': 'timeout=10, max=50',
48 silly registry.get     connection: 'Keep-Alive' } ]
49 silly lockFile f31946d9-tinylr tinylr@
50 silly lockFile f31946d9-tinylr tinylr@
51 http 200 https://registry.npmjs.org/express
52 silly registry.get cb [ 200,
52 silly registry.get   { date: 'Fri, 20 Mar 2015 14:47:03 GMT',
52 silly registry.get     server: 'CouchDB/1.5.0 (Erlang OTP/R16B03)',
52 silly registry.get     etag: '"2SRIVNNDM4TG0M05JTW9O6718"',
52 silly registry.get     'content-type': 'application/json',
52 silly registry.get     'cache-control': 'max-age=60',
52 silly registry.get     'content-length': '491564',
52 silly registry.get     'accept-ranges': 'bytes',
52 silly registry.get     via: '1.1 varnish',
52 silly registry.get     age: '21',
52 silly registry.get     'x-served-by': 'cache-fra1232-FRA',
52 silly registry.get     'x-cache': 'HIT',
52 silly registry.get     'x-cache-hits': '1',
52 silly registry.get     'x-timer': 'S1426862823.555591,VS0,VE3',
52 silly registry.get     vary: 'Accept',
52 silly registry.get     'keep-alive': 'timeout=10, max=50',
52 silly registry.get     connection: 'Keep-Alive' } ]
53 silly addNameRange number 2 { name: 'express', range: '*', hasData: true }
54 silly addNameRange versions [ 'express',
54 silly addNameRange   [ '0.14.0',
54 silly addNameRange     '0.14.1',
54 silly addNameRange     '1.0.0',
54 silly addNameRange     '1.0.1',
54 silly addNameRange     '1.0.2',
54 silly addNameRange     '1.0.3',
54 silly addNameRange     '1.0.4',
54 silly addNameRange     '1.0.5',
54 silly addNameRange     '1.0.6',
54 silly addNameRange     '1.0.7',
54 silly addNameRange     '1.0.8',
54 silly addNameRange     '2.0.0',
54 silly addNameRange     '2.1.0',
54 silly addNameRange     '2.1.1',
54 silly addNameRange     '2.2.0',
54 silly addNameRange     '2.2.1',
54 silly addNameRange     '2.2.2',
54 silly addNameRange     '2.3.0',
54 silly addNameRange     '2.3.1',
54 silly addNameRange     '2.3.2',
54 silly addNameRange     '2.3.3',
54 silly addNameRange     '2.3.4',
54 silly addNameRange     '2.3.5',
54 silly addNameRange     '2.3.6',
54 silly addNameRange     '2.3.7',
54 silly addNameRange     '2.3.8',
54 silly addNameRange     '2.3.9',
54 silly addNameRange     '2.3.10',
54 silly addNameRange     '2.3.11',
54 silly addNameRange     '2.3.12',
54 silly addNameRange     '2.4.0',
54 silly addNameRange     '2.4.1',
54 silly addNameRange     '2.4.2',
54 silly addNameRange     '2.4.3',
54 silly addNameRange     '2.4.4',
54 silly addNameRange     '2.4.5',
54 silly addNameRange     '2.4.6',
54 silly addNameRange     '2.4.7',
54 silly addNameRange     '2.5.0',
54 silly addNameRange     '2.5.1',
54 silly addNameRange     '2.5.2',
54 silly addNameRange     '2.5.3',
54 silly addNameRange     '2.5.4',
54 silly addNameRange     '2.5.5',
54 silly addNameRange     '2.5.6',
54 silly addNameRange     '2.5.7',
54 silly addNameRange     '2.5.8',
54 silly addNameRange     '2.5.9',
54 silly addNameRange     '2.5.10',
54 silly addNameRange     '2.5.11',
54 silly addNameRange     '3.0.0',
54 silly addNameRange     '3.0.1',
54 silly addNameRange     '3.0.2',
54 silly addNameRange     '3.0.3',
54 silly addNameRange     '3.0.4',
54 silly addNameRange     '3.0.5',
54 silly addNameRange     '3.0.6',
54 silly addNameRange     '3.1.0',
54 silly addNameRange     '3.1.1',
54 silly addNameRange     '3.1.2',
54 silly addNameRange     '3.2.0',
54 silly addNameRange     '3.2.1',
54 silly addNameRange     '3.2.2',
54 silly addNameRange     '3.2.3',
54 silly addNameRange     '3.2.4',
54 silly addNameRange     '3.2.5',
54 silly addNameRange     '3.2.6',
54 silly addNameRange     '3.3.0',
54 silly addNameRange     '3.3.1',
54 silly addNameRange     '3.3.2',
54 silly addNameRange     '3.3.3',
54 silly addNameRange     '3.3.4',
54 silly addNameRange     '3.3.5',
54 silly addNameRange     '3.3.6',
54 silly addNameRange     '1.0.0-beta',
54 silly addNameRange     '1.0.0-beta2',
54 silly addNameRange     '1.0.0-rc',
54 silly addNameRange     '1.0.0-rc2',
54 silly addNameRange     '1.0.0-rc3',
54 silly addNameRange     '1.0.0-rc4',
54 silly addNameRange     '2.0.0-beta',
54 silly addNameRange     '2.0.0-beta2',
54 silly addNameRange     '2.0.0-beta3',
54 silly addNameRange     '2.0.0-rc',
54 silly addNameRange     '2.0.0-rc2',
54 silly addNameRange     '2.0.0-rc3',
54 silly addNameRange     '3.0.0-alpha1',
54 silly addNameRange     '3.0.0-alpha2',
54 silly addNameRange     '3.0.0-alpha3',
54 silly addNameRange     '3.0.0-alpha4',
54 silly addNameRange     '3.0.0-alpha5',
54 silly addNameRange     '3.0.0-beta1',
54 silly addNameRange     '3.0.0-beta2',
54 silly addNameRange     '3.0.0-beta3',
54 silly addNameRange     '3.0.0-beta4',
54 silly addNameRange     '3.0.0-beta6',
54 silly addNameRange     '3.0.0-beta7',
54 silly addNameRange     '3.0.0-rc1',
54 silly addNameRange     '3.0.0-rc2',
54 silly addNameRange     '3.0.0-rc3',
54 silly addNameRange     '3.0.0-rc4',
54 silly addNameRange     '3.0.0-rc5',
54 silly addNameRange     '3.3.7',
54 silly addNameRange     '3.3.8',
54 silly addNameRange     '3.4.0',
54 silly addNameRange     '3.4.1',
54 silly addNameRange     '3.4.2',
54 silly addNameRange     '3.4.3',
54 silly addNameRange     '3.4.4',
54 silly addNameRange     '3.4.5',
54 silly addNameRange     '3.4.6',
54 silly addNameRange     '3.4.7',
54 silly addNameRange     '3.4.8',
54 silly addNameRange     '4.0.0-rc1',
54 silly addNameRange     '4.0.0-rc2',
54 silly addNameRange     '3.5.0',
54 silly addNameRange     '4.0.0-rc3',
54 silly addNameRange     '4.0.0-rc4',
54 silly addNameRange     '3.5.1',
54 silly addNameRange     '4.0.0',
54 silly addNameRange     '3.5.2',
54 silly addNameRange     '4.1.0',
54 silly addNameRange     '4.1.1',
54 silly addNameRange     '3.5.3',
54 silly addNameRange     '4.1.2',
54 silly addNameRange     '3.6.0',
54 silly addNameRange     '4.2.0',
54 silly addNameRange     '3.7.0',
54 silly addNameRange     '3.8.0',
54 silly addNameRange     '4.3.0',
54 silly addNameRange     '4.3.1',
54 silly addNameRange     '3.8.1',
54 silly addNameRange     '4.3.2',
54 silly addNameRange     '3.9.0',
54 silly addNameRange     '4.4.0',
54 silly addNameRange     '4.4.1',
54 silly addNameRange     '3.10.0',
54 silly addNameRange     '3.10.1',
54 silly addNameRange     '3.10.2',
54 silly addNameRange     '3.10.3',
54 silly addNameRange     '3.10.4',
54 silly addNameRange     '4.4.2',
54 silly addNameRange     '3.10.5',
54 silly addNameRange     '4.4.3',
54 silly addNameRange     '3.11.0',
54 silly addNameRange     '4.4.4',
54 silly addNameRange     '3.12.0',
54 silly addNameRange     '3.12.1',
54 silly addNameRange     '4.4.5',
54 silly addNameRange     '3.13.0',
54 silly addNameRange     '4.5.0',
54 silly addNameRange     '4.5.1',
54 silly addNameRange     '3.14.0',
54 silly addNameRange     '4.6.0',
54 silly addNameRange     '4.6.1',
54 silly addNameRange     '3.15.0',
54 silly addNameRange     '4.7.0',
54 silly addNameRange     '3.15.1',
54 silly addNameRange     '4.7.1',
54 silly addNameRange     '3.15.2',
54 silly addNameRange     '4.7.2',
54 silly addNameRange     '4.7.3',
54 silly addNameRange     '3.15.3',
54 silly addNameRange     '4.7.4',
54 silly addNameRange     '3.16.0',
54 silly addNameRange     '4.8.0',
54 silly addNameRange     '3.16.1',
54 silly addNameRange     '4.8.1',
54 silly addNameRange     '3.16.2',
54 silly addNameRange     '4.8.2',
54 silly addNameRange     '3.16.3',
54 silly addNameRange     '3.16.4',
54 silly addNameRange     '4.8.3',
54 silly addNameRange     '3.16.5',
54 silly addNameRange     '3.16.6',
54 silly addNameRange     '4.8.4',
54 silly addNameRange     '3.16.7',
54 silly addNameRange     '4.8.5',
54 silly addNameRange     '3.16.8',
54 silly addNameRange     '4.8.6',
54 silly addNameRange     '3.16.9',
54 silly addNameRange     '4.8.7',
54 silly addNameRange     '3.16.10',
54 silly addNameRange     '4.8.8',
54 silly addNameRange     '3.17.0',
54 silly addNameRange     '3.17.1',
54 silly addNameRange     '4.9.0',
54 silly addNameRange     '3.17.2',
54 silly addNameRange     '4.9.1',
54 silly addNameRange     '4.9.2',
54 silly addNameRange     '3.17.3',
54 silly addNameRange     '4.9.3',
54 silly addNameRange     '3.17.4',
54 silly addNameRange     '4.9.4',
54 silly addNameRange     '3.17.5',
54 silly addNameRange     '4.9.5',
54 silly addNameRange     '3.17.6',
54 silly addNameRange     '3.17.7',
54 silly addNameRange     '4.9.6',
54 silly addNameRange     '4.9.7',
54 silly addNameRange     '3.17.8',
54 silly addNameRange     '4.9.8',
54 silly addNameRange     '3.18.0',
54 silly addNameRange     '3.18.1',
54 silly addNameRange     '4.10.0',
54 silly addNameRange     '3.18.2',
54 silly addNameRange     '4.10.1',
54 silly addNameRange     '5.0.0-alpha.1',
54 silly addNameRange     '3.18.3',
54 silly addNameRange     '4.10.2',
54 silly addNameRange     '3.18.4',
54 silly addNameRange     '4.10.3',
54 silly addNameRange     '4.10.4',
54 silly addNameRange     '4.10.5',
54 silly addNameRange     '3.18.5',
54 silly addNameRange     '3.18.6',
54 silly addNameRange     '4.10.6',
54 silly addNameRange     '4.10.7',
54 silly addNameRange     '3.19.0',
54 silly addNameRange     '4.10.8',
54 silly addNameRange     '4.11.0',
54 silly addNameRange     '3.19.1',
54 silly addNameRange     '4.11.1',
54 silly addNameRange     '3.19.2',
54 silly addNameRange     '4.11.2',
54 silly addNameRange     '3.20.0',
54 silly addNameRange     '4.12.0',
54 silly addNameRange     '3.20.1',
54 silly addNameRange     '4.12.1',
54 silly addNameRange     '4.12.2',
54 silly addNameRange     '3.20.2',
54 silly addNameRange     '4.12.3' ] ]
55 verbose addNamed [ 'express', '4.12.3' ]
56 verbose addNamed [ '4.12.3', '4.12.3' ]
57 silly lockFile 0b3fc563-express-4-12-3 express@4.12.3
58 verbose lock express@4.12.3 /Users/masterblaster/.npm/0b3fc563-express-4-12-3.lock
59 silly lockFile c3db49de-s-org-express-express-4-12-3-tgz https://registry.npmjs.org/express/-/express-4.12.3.tgz
60 verbose lock https://registry.npmjs.org/express/-/express-4.12.3.tgz /Users/masterblaster/.npm/c3db49de-s-org-express-express-4-12-3-tgz.lock
61 verbose addRemoteTarball [ 'https://registry.npmjs.org/express/-/express-4.12.3.tgz',
61 verbose addRemoteTarball   '6b9d94aec5ae03270d86d390c277a8c5a5ad0ee2' ]
62 info retry fetch attempt 1 at 15:47:30
63 verbose fetch to= /var/folders/jd/t7lw9ll97j79qs575m0h5pq40000gn/T/npm-12814-poMdhap_/registry.npmjs.org/express/-/express-4.12.3.tgz
64 http GET https://registry.npmjs.org/express/-/express-4.12.3.tgz
65 http 200 https://registry.npmjs.org/express/-/express-4.12.3.tgz
66 silly lockFile c3db49de-s-org-express-express-4-12-3-tgz https://registry.npmjs.org/express/-/express-4.12.3.tgz
67 silly lockFile c3db49de-s-org-express-express-4-12-3-tgz https://registry.npmjs.org/express/-/express-4.12.3.tgz
68 silly lockFile 0b3fc563-express-4-12-3 express@4.12.3
69 silly lockFile 0b3fc563-express-4-12-3 express@4.12.3
70 silly lockFile 64a534c1-express express@
71 silly lockFile 64a534c1-express express@
72 error 404 404 Not Found: tinylr
72 error 404
72 error 404 'tinylr' is not in the npm registry.
72 error 404 You should bug the author to publish it
72 error 404
72 error 404 Note that you can also install from a
72 error 404 tarball, folder, or http url, or git url.
73 error System Darwin 14.1.0
74 error command "/usr/local/bin/node" "/usr/local/bin/npm" "install" "tinylr" "express" "--save-dev"
75 error cwd /Users/masterblaster/Documents/Websites/johnhult.github.io
76 error node -v v0.10.33
77 error npm -v 1.4.28
78 error code E404
79 verbose exit [ 1, true ]
